<?xml version="1.0" encoding="UTF-8"?>
<testng-results ignored="0" total="2" passed="0" failed="2" skipped="0">
  <reporter-output>
  </reporter-output>
  <suite started-at="2023-12-24T00:58:56 IST" name="Default suite" finished-at="2023-12-24T00:59:06 IST" duration-ms="9467">
    <groups>
      <group name="cucumber">
        <method signature="AbstractTestNGCucumberTests.runScenario(io.cucumber.testng.PickleWrapper,io.cucumber.testng.FeatureWrapper)[pri:0, instance:Runner.TestRunner@4d154ccd]" name="runScenario" class="io.cucumber.testng.AbstractTestNGCucumberTests"/>
      </group> <!-- cucumber -->
    </groups>
    <test started-at="2023-12-24T00:58:56 IST" name="Default test" finished-at="2023-12-24T00:59:06 IST" duration-ms="9467">
      <class name="Runner.TestRunner">
        <test-method is-config="true" signature="setUpClass(org.testng.ITestContext)[pri:0, instance:Runner.TestRunner@4d154ccd]" started-at="2023-12-24T00:58:57 IST" name="setUpClass" finished-at="2023-12-24T00:58:58 IST" duration-ms="1501" status="PASS">
          <params>
            <param index="0">
              <value>
                <![CDATA[org.testng.TestRunner@6240651f]]>
              </value>
            </param>
          </params>
          <reporter-output>
          </reporter-output>
        </test-method> <!-- setUpClass -->
        <test-method signature="runScenario(io.cucumber.testng.PickleWrapper,io.cucumber.testng.FeatureWrapper)[pri:0, instance:Runner.TestRunner@4d154ccd]" started-at="2023-12-24T00:58:58 IST" name="runScenario" description="Runs Cucumber Scenarios" data-provider="scenarios" finished-at="2023-12-24T00:59:05 IST" duration-ms="6993" status="FAIL">
          <params>
            <param index="0">
              <value>
                <![CDATA["Login Into the Application"]]>
              </value>
            </param>
            <param index="1">
              <value>
                <![CDATA["Login Into VMS Application"]]>
              </value>
            </param>
          </params>
          <exception class="java.lang.NullPointerException">
            <message>
              <![CDATA[Cannot invoke "com.aventstack.extentreports.ExtentTest.log(com.aventstack.extentreports.Status, String)" because "Hooks.MyHooks.extenttest" is null]]>
            </message>
            <full-stacktrace>
              <![CDATA[java.lang.NullPointerException: Cannot invoke "com.aventstack.extentreports.ExtentTest.log(com.aventstack.extentreports.Status, String)" because "Hooks.MyHooks.extenttest" is null
at Hooks.MyHooks.SetupDrivers(MyHooks.java:41)
]]>
            </full-stacktrace>
          </exception> <!-- java.lang.NullPointerException -->
          <reporter-output>
          </reporter-output>
        </test-method> <!-- runScenario -->
        <test-method signature="runScenario(io.cucumber.testng.PickleWrapper,io.cucumber.testng.FeatureWrapper)[pri:0, instance:Runner.TestRunner@4d154ccd]" started-at="2023-12-24T00:58:58 IST" name="runScenario" description="Runs Cucumber Scenarios" data-provider="scenarios" finished-at="2023-12-24T00:59:05 IST" duration-ms="6886" status="FAIL">
          <params>
            <param index="0">
              <value>
                <![CDATA["Verify Admin Has Nationaloities Section"]]>
              </value>
            </param>
            <param index="1">
              <value>
                <![CDATA["Dashboard"]]>
              </value>
            </param>
          </params>
          <exception class="java.lang.NullPointerException">
            <message>
              <![CDATA[Cannot invoke "com.aventstack.extentreports.ExtentTest.log(com.aventstack.extentreports.Status, String)" because "Hooks.MyHooks.extenttest" is null]]>
            </message>
            <full-stacktrace>
              <![CDATA[java.lang.NullPointerException: Cannot invoke "com.aventstack.extentreports.ExtentTest.log(com.aventstack.extentreports.Status, String)" because "Hooks.MyHooks.extenttest" is null
at Hooks.MyHooks.SetupDrivers(MyHooks.java:41)
]]>
            </full-stacktrace>
          </exception> <!-- java.lang.NullPointerException -->
          <reporter-output>
          </reporter-output>
        </test-method> <!-- runScenario -->
        <test-method is-config="true" signature="tearDownClass()[pri:0, instance:Runner.TestRunner@4d154ccd]" started-at="2023-12-24T00:59:05 IST" name="tearDownClass" finished-at="2023-12-24T00:59:06 IST" duration-ms="919" status="PASS">
          <reporter-output>
          </reporter-output>
        </test-method> <!-- tearDownClass -->
      </class> <!-- Runner.TestRunner -->
    </test> <!-- Default test -->
  </suite> <!-- Default suite -->
</testng-results>
